<?xml version="1.0" encoding="UTF-8"?>
<testng-results ignored="0" total="2" passed="2" failed="0" skipped="0">
  <reporter-output>
  </reporter-output>
  <suite started-at="2019-10-17T11:17:32Z" name="Suite" finished-at="2019-10-17T11:18:06Z" duration-ms="34305">
    <groups>
    </groups>
    <test started-at="2019-10-17T11:17:32Z" name="Test" finished-at="2019-10-17T11:18:06Z" duration-ms="34305">
      <class name="com.testcases.noisehive.DashboardpageTestcase">
        <test-method is-config="true" signature="setup()[pri:0, instance:com.testcases.noisehive.DashboardpageTestcase@4d465b11]" started-at="2019-10-17T11:17:32Z" name="setup" finished-at="2019-10-17T11:17:44Z" duration-ms="12739" status="PASS">
          <reporter-output>
          </reporter-output>
        </test-method> <!-- setup -->
        <test-method signature="testdashboardpage()[pri:1, instance:com.testcases.noisehive.DashboardpageTestcase@4d465b11]" started-at="2019-10-17T11:17:44Z" name="testdashboardpage" finished-at="2019-10-17T11:17:44Z" duration-ms="23" status="PASS">
          <reporter-output>
          </reporter-output>
        </test-method> <!-- testdashboardpage -->
        <test-method is-config="true" signature="tearDown()[pri:0, instance:com.testcases.noisehive.DashboardpageTestcase@4d465b11]" started-at="2019-10-17T11:17:44Z" name="tearDown" finished-at="2019-10-17T11:17:49Z" duration-ms="4705" status="PASS">
          <reporter-output>
          </reporter-output>
        </test-method> <!-- tearDown -->
        <test-method is-config="true" signature="setup()[pri:0, instance:com.testcases.noisehive.DashboardpageTestcase@4d465b11]" started-at="2019-10-17T11:17:49Z" name="setup" finished-at="2019-10-17T11:18:01Z" duration-ms="12020" status="PASS">
          <reporter-output>
          </reporter-output>
        </test-method> <!-- setup -->
        <test-method signature="verifyDashboardMusicHeader()[pri:2, instance:com.testcases.noisehive.DashboardpageTestcase@4d465b11]" started-at="2019-10-17T11:18:01Z" name="verifyDashboardMusicHeader" finished-at="2019-10-17T11:18:01Z" duration-ms="47" status="PASS">
          <reporter-output>
          </reporter-output>
        </test-method> <!-- verifyDashboardMusicHeader -->
        <test-method is-config="true" signature="tearDown()[pri:0, instance:com.testcases.noisehive.DashboardpageTestcase@4d465b11]" started-at="2019-10-17T11:18:01Z" name="tearDown" finished-at="2019-10-17T11:18:06Z" duration-ms="4738" status="PASS">
          <reporter-output>
          </reporter-output>
        </test-method> <!-- tearDown -->
      </class> <!-- com.testcases.noisehive.DashboardpageTestcase -->
    </test> <!-- Test -->
  </suite> <!-- Suite -->
</testng-results>
