<?xml version="1.0" encoding="UTF-8"?>
<!-- Generated by org.testng.reporters.JUnitXMLReporter -->
<testsuite ignored="0" hostname="DESKTOP-9LLJ5S9" failures="0" tests="2" name="Default test" time="31.084" errors="0" timestamp="17 Oct 2019 11:15:44 GMT">
  <testcase classname="com.testcases.noisehive.DashboardpageTestcase" name="testdashboardpage" time="0.027"/>
  <testcase classname="com.testcases.noisehive.DashboardpageTestcase" name="verifyDashboardMusicHeader" time="0.051"/>
</testsuite> <!-- Default test -->
