<?xml version="1.0" encoding="UTF-8"?>
<!-- Generated by org.testng.reporters.JUnitXMLReporter -->
<testsuite hostname="DESKTOP-9LLJ5S9" ignored="0" name="Default test" tests="3" failures="0" timestamp="18 Oct 2019 08:20:16 GMT" time="48.178" errors="0">
  <testcase name="testdashboardpage" time="0.03" classname="com.testcases.noisehive.DashboardpageTestcase"/>
  <testcase name="verifyDashboardMusicHeader" time="0.042" classname="com.testcases.noisehive.DashboardpageTestcase"/>
  <testcase name="checkScrollDown" time="4.014" classname="com.testcases.noisehive.DashboardpageTestcase"/>
</testsuite> <!-- Default test -->
