<?xml version="1.0" encoding="UTF-8"?>
<!-- Generated by org.testng.reporters.JUnitXMLReporter -->
<testsuite hostname="DESKTOP-9LLJ5S9" ignored="0" name="Test" tests="3" failures="0" timestamp="18 Oct 2019 08:16:58 GMT" time="45.19" errors="0">
  <testcase name="testdashboardpage" time="0.028" classname="com.testcases.noisehive.DashboardpageTestcase"/>
  <testcase name="verifyDashboardMusicHeader" time="0.056" classname="com.testcases.noisehive.DashboardpageTestcase"/>
  <testcase name="checkScrollDown" time="0.017" classname="com.testcases.noisehive.DashboardpageTestcase"/>
</testsuite> <!-- Test -->
