<?xml version="1.0" encoding="UTF-8"?>
<!-- Generated by org.testng.reporters.JUnitXMLReporter -->
<testsuite ignored="0" hostname="DESKTOP-9LLJ5S9" failures="0" tests="2" name="Test" time="31.514" errors="0" timestamp="18 Oct 2019 06:44:18 GMT">
  <testcase classname="com.testcases.noisehive.DashboardpageTestcase" name="testdashboardpage" time="0.019"/>
  <testcase classname="com.testcases.noisehive.DashboardpageTestcase" name="verifyDashboardMusicHeader" time="0.054"/>
</testsuite> <!-- Test -->
